INFO:     Started server process [32660]
INFO:     Waiting for application startup.
INFO:     Application startup complete.
INFO:     Uvicorn running on http://0.0.0.0:8000 (Press CTRL+C to quit)
INFO:     127.0.0.1:59942 - "GET /health HTTP/1.1" 200 OK
INFO:     127.0.0.1:59945 - "GET /api/courses/ HTTP/1.1" 500 Internal Server Error
ERROR:    Exception in ASGI application
Traceback (most recent call last):
  File "/Users/sabipikin/Documents/Sabi Educate/.venv/lib/python3.9/site-packages/sqlalchemy/engine/base.py", line 1969, in _exec_single_context
    self.dialect.do_execute(
  File "/Users/sabipikin/Documents/Sabi Educate/.venv/lib/python3.9/site-packages/sqlalchemy/engine/default.py", line 922, in do_execute
    cursor.execute(statement, parameters)
sqlite3.OperationalError: no such column: courses.fee

The above exception was the direct cause of the following exception:

Traceback (most recent call last):
  File "/Users/sabipikin/Documents/Sabi Educate/.venv/lib/python3.9/site-packages/uvicorn/protocols/http/h11_impl.py", line 408, in run_asgi
    result = await app(  # type: ignore[func-returns-value]
  File "/Users/sabipikin/Documents/Sabi Educate/.venv/lib/python3.9/site-packages/uvicorn/middleware/proxy_headers.py", line 84, in __call__
    return await self.app(scope, receive, send)
  File "/Users/sabipikin/Documents/Sabi Educate/.venv/lib/python3.9/site-packages/fastapi/applications.py", line 1106, in __call__
    await super().__call__(scope, receive, send)
  File "/Users/sabipikin/Documents/Sabi Educate/.venv/lib/python3.9/site-packages/starlette/applications.py", line 122, in __call__
    await self.middleware_stack(scope, receive, send)
  File "/Users/sabipikin/Documents/Sabi Educate/.venv/lib/python3.9/site-packages/starlette/middleware/errors.py", line 184, in __call__
    raise exc
  File "/Users/sabipikin/Documents/Sabi Educate/.venv/lib/python3.9/site-packages/starlette/middleware/errors.py", line 162, in __call__
    await self.app(scope, receive, _send)
  File "/Users/sabipikin/Documents/Sabi Educate/.venv/lib/python3.9/site-packages/starlette/middleware/cors.py", line 83, in __call__
    await self.app(scope, receive, send)
  File "/Users/sabipikin/Documents/Sabi Educate/.venv/lib/python3.9/site-packages/starlette/middleware/exceptions.py", line 79, in __call__
    raise exc
  File "/Users/sabipikin/Documents/Sabi Educate/.venv/lib/python3.9/site-packages/starlette/middleware/exceptions.py", line 68, in __call__
    await self.app(scope, receive, sender)
  File "/Users/sabipikin/Documents/Sabi Educate/.venv/lib/python3.9/site-packages/fastapi/middleware/asyncexitstack.py", line 20, in __call__
    raise e
  File "/Users/sabipikin/Documents/Sabi Educate/.venv/lib/python3.9/site-packages/fastapi/middleware/asyncexitstack.py", line 17, in __call__
    await self.app(scope, receive, send)
  File "/Users/sabipikin/Documents/Sabi Educate/.venv/lib/python3.9/site-packages/starlette/routing.py", line 718, in __call__
    await route.handle(scope, receive, send)
  File "/Users/sabipikin/Documents/Sabi Educate/.venv/lib/python3.9/site-packages/starlette/routing.py", line 276, in handle
    await self.app(scope, receive, send)
  File "/Users/sabipikin/Documents/Sabi Educate/.venv/lib/python3.9/site-packages/starlette/routing.py", line 66, in app
    response = await func(request)
  File "/Users/sabipikin/Documents/Sabi Educate/.venv/lib/python3.9/site-packages/fastapi/routing.py", line 274, in app
    raw_response = await run_endpoint_function(
  File "/Users/sabipikin/Documents/Sabi Educate/.venv/lib/python3.9/site-packages/fastapi/routing.py", line 191, in run_endpoint_function
    return await dependant.call(**values)
  File "/Users/sabipikin/Documents/Sabi Educate/sabipath/backend/routes/courses.py", line 61, in get_courses
    courses = query.offset(skip).limit(limit).all()
  File "/Users/sabipikin/Documents/Sabi Educate/.venv/lib/python3.9/site-packages/sqlalchemy/orm/query.py", line 2693, in all
    return self._iter().all()  # type: ignore
  File "/Users/sabipikin/Documents/Sabi Educate/.venv/lib/python3.9/site-packages/sqlalchemy/orm/query.py", line 2847, in _iter
    result: Union[ScalarResult[_T], Result[_T]] = self.session.execute(
  File "/Users/sabipikin/Documents/Sabi Educate/.venv/lib/python3.9/site-packages/sqlalchemy/orm/session.py", line 2308, in execute
    return self._execute_internal(
  File "/Users/sabipikin/Documents/Sabi Educate/.venv/lib/python3.9/site-packages/sqlalchemy/orm/session.py", line 2190, in _execute_internal
    result: Result[Any] = compile_state_cls.orm_execute_statement(
  File "/Users/sabipikin/Documents/Sabi Educate/.venv/lib/python3.9/site-packages/sqlalchemy/orm/context.py", line 293, in orm_execute_statement
    result = conn.execute(
  File "/Users/sabipikin/Documents/Sabi Educate/.venv/lib/python3.9/site-packages/sqlalchemy/engine/base.py", line 1416, in execute
    return meth(
  File "/Users/sabipikin/Documents/Sabi Educate/.venv/lib/python3.9/site-packages/sqlalchemy/sql/elements.py", line 516, in _execute_on_connection
    return connection._execute_clauseelement(
  File "/Users/sabipikin/Documents/Sabi Educate/.venv/lib/python3.9/site-packages/sqlalchemy/engine/base.py", line 1639, in _execute_clauseelement
    ret = self._execute_context(
  File "/Users/sabipikin/Documents/Sabi Educate/.venv/lib/python3.9/site-packages/sqlalchemy/engine/base.py", line 1848, in _execute_context
    return self._exec_single_context(
  File "/Users/sabipikin/Documents/Sabi Educate/.venv/lib/python3.9/site-packages/sqlalchemy/engine/base.py", line 1988, in _exec_single_context
    self._handle_dbapi_exception(
  File "/Users/sabipikin/Documents/Sabi Educate/.venv/lib/python3.9/site-packages/sqlalchemy/engine/base.py", line 2343, in _handle_dbapi_exception
    raise sqlalchemy_exception.with_traceback(exc_info[2]) from e
  File "/Users/sabipikin/Documents/Sabi Educate/.venv/lib/python3.9/site-packages/sqlalchemy/engine/base.py", line 1969, in _exec_single_context
    self.dialect.do_execute(
  File "/Users/sabipikin/Documents/Sabi Educate/.venv/lib/python3.9/site-packages/sqlalchemy/engine/default.py", line 922, in do_execute
    cursor.execute(statement, parameters)
sqlalchemy.exc.OperationalError: (sqlite3.OperationalError) no such column: courses.fee
[SQL: SELECT courses.id AS courses_id, courses.title AS courses_title, courses.description AS courses_description, courses.category AS courses_category, courses.difficulty AS courses_difficulty, courses.instructor_id AS courses_instructor_id, courses.duration_hours AS courses_duration_hours, courses.prerequisites AS courses_prerequisites, courses.status AS courses_status, courses.fee AS courses_fee, courses.promo_amount AS courses_promo_amount, courses.is_on_promo AS courses_is_on_promo, courses.created_at AS courses_created_at, courses.updated_at AS courses_updated_at 
FROM courses 
WHERE courses.status = ?
 LIMIT ? OFFSET ?]
[parameters: ('published', 10, 0)]
(Background on this error at: https://sqlalche.me/e/20/e3q8)
